<?xml version="1.0" encoding="UTF-8"?>
<testng-results skipped="0" failed="1" total="2" passed="1">
  <reporter-output>
  </reporter-output>
  <suite name="Default suite" duration-ms="33489" started-at="2019-12-30T10:18:46Z" finished-at="2019-12-30T10:19:20Z">
    <groups>
    </groups>
    <test name="Default test" duration-ms="33489" started-at="2019-12-30T10:18:46Z" finished-at="2019-12-30T10:19:20Z">
      <class name="testcases.LoginTestActiTime">
        <test-method status="PASS" signature="setUp()[pri:0, instance:testcases.LoginTestActiTime@578486a3]" name="setUp" is-config="true" duration-ms="15505" started-at="2019-12-30T15:48:46Z" finished-at="2019-12-30T15:49:02Z">
          <reporter-output>
          </reporter-output>
        </test-method> <!-- setUp -->
        <test-method status="PASS" signature="pageLoad()[pri:0, instance:testcases.LoginTestActiTime@578486a3]" name="pageLoad" is-config="true" duration-ms="326" started-at="2019-12-30T15:49:02Z" finished-at="2019-12-30T15:49:02Z">
          <reporter-output>
          </reporter-output>
        </test-method> <!-- pageLoad -->
        <test-method status="FAIL" signature="loginApp1()[pri:1, instance:testcases.LoginTestActiTime@578486a3]" name="loginApp1" duration-ms="33" started-at="2019-12-30T15:49:02Z" finished-at="2019-12-30T15:49:02Z">
          <exception class="java.lang.NullPointerException">
            <full-stacktrace>
              <![CDATA[java.lang.NullPointerException
	at testcases.LoginTestActiTime.loginApp1(LoginTestActiTime.java:42)
	at sun.reflect.NativeMethodAccessorImpl.invoke0(Native Method)
	at sun.reflect.NativeMethodAccessorImpl.invoke(NativeMethodAccessorImpl.java:62)
	at sun.reflect.DelegatingMethodAccessorImpl.invoke(DelegatingMethodAccessorImpl.java:43)
	at java.lang.reflect.Method.invoke(Method.java:498)
	at org.testng.internal.MethodInvocationHelper.invokeMethod(MethodInvocationHelper.java:86)
	at org.testng.internal.Invoker.invokeMethod(Invoker.java:646)
	at org.testng.internal.Invoker.invokeTestMethod(Invoker.java:823)
	at org.testng.internal.Invoker.invokeTestMethods(Invoker.java:1131)
	at org.testng.internal.TestMethodWorker.invokeTestMethods(TestMethodWorker.java:129)
	at org.testng.internal.TestMethodWorker.run(TestMethodWorker.java:112)
	at org.testng.TestRunner.privateRun(TestRunner.java:778)
	at org.testng.TestRunner.run(TestRunner.java:632)
	at org.testng.SuiteRunner.runTest(SuiteRunner.java:366)
	at org.testng.SuiteRunner.runSequentially(SuiteRunner.java:361)
	at org.testng.SuiteRunner.privateRun(SuiteRunner.java:319)
	at org.testng.SuiteRunner.run(SuiteRunner.java:268)
	at org.testng.SuiteRunnerWorker.runSuite(SuiteRunnerWorker.java:52)
	at org.testng.SuiteRunnerWorker.run(SuiteRunnerWorker.java:86)
	at org.testng.TestNG.runSuitesSequentially(TestNG.java:1225)
	at org.testng.TestNG.runSuitesLocally(TestNG.java:1150)
	at org.testng.TestNG.runSuites(TestNG.java:1075)
	at org.testng.TestNG.run(TestNG.java:1047)
	at org.testng.remote.AbstractRemoteTestNG.run(AbstractRemoteTestNG.java:126)
	at org.testng.remote.RemoteTestNG.initAndRun(RemoteTestNG.java:137)
	at org.testng.remote.RemoteTestNG.main(RemoteTestNG.java:58)
]]>
            </full-stacktrace>
          </exception> <!-- java.lang.NullPointerException -->
          <reporter-output>
          </reporter-output>
        </test-method> <!-- loginApp1 -->
        <test-method status="PASS" signature="takePhoto(org.testng.ITestResult)[pri:0, instance:testcases.LoginTestActiTime@578486a3]" name="takePhoto" is-config="true" duration-ms="1199" started-at="2019-12-30T15:49:02Z" finished-at="2019-12-30T15:49:04Z">
          <params>
            <param index="0">
              <value>
                <![CDATA[[TestResult name=loginApp1 status=FAILURE method=LoginTestActiTime.loginApp1()[pri:1, instance:testcases.LoginTestActiTime@578486a3] output={null}]]]>
              </value>
            </param>
          </params>
          <reporter-output>
          </reporter-output>
        </test-method> <!-- takePhoto -->
        <test-method status="PASS" signature="pageLoad()[pri:0, instance:testcases.LoginTestActiTime@578486a3]" name="pageLoad" is-config="true" duration-ms="58" started-at="2019-12-30T15:49:04Z" finished-at="2019-12-30T15:49:04Z">
          <reporter-output>
          </reporter-output>
        </test-method> <!-- pageLoad -->
        <test-method status="PASS" signature="loginApp()[pri:2, instance:testcases.LoginTestActiTime@578486a3]" name="loginApp" duration-ms="13706" started-at="2019-12-30T15:49:04Z" finished-at="2019-12-30T15:49:17Z">
          <reporter-output>
          </reporter-output>
        </test-method> <!-- loginApp -->
        <test-method status="PASS" signature="takePhoto(org.testng.ITestResult)[pri:0, instance:testcases.LoginTestActiTime@578486a3]" name="takePhoto" is-config="true" duration-ms="1183" started-at="2019-12-30T15:49:17Z" finished-at="2019-12-30T15:49:19Z">
          <params>
            <param index="0">
              <value>
                <![CDATA[[TestResult name=loginApp status=SUCCESS method=LoginTestActiTime.loginApp()[pri:2, instance:testcases.LoginTestActiTime@578486a3] output={null}]]]>
              </value>
            </param>
          </params>
          <reporter-output>
          </reporter-output>
        </test-method> <!-- takePhoto -->
        <test-method status="PASS" signature="tearDown()[pri:0, instance:testcases.LoginTestActiTime@578486a3]" name="tearDown" is-config="true" duration-ms="1324" started-at="2019-12-30T15:49:19Z" finished-at="2019-12-30T15:49:20Z">
          <reporter-output>
          </reporter-output>
        </test-method> <!-- tearDown -->
      </class> <!-- testcases.LoginTestActiTime -->
      <class name="generic.BaseClass">
        <test-method status="PASS" signature="setUpSuite()[pri:0, instance:generic.BaseClass@1f36e637]" name="setUpSuite" is-config="true" duration-ms="1097" started-at="2019-12-30T15:48:45Z" finished-at="2019-12-30T15:48:46Z">
          <reporter-output>
          </reporter-output>
        </test-method> <!-- setUpSuite -->
      </class> <!-- generic.BaseClass -->
    </test> <!-- Default test -->
  </suite> <!-- Default suite -->
</testng-results>
