<?xml version="1.0" encoding="UTF-8"?>
<!-- Generated by org.testng.reporters.JUnitXMLReporter -->
<testsuite hostname="DESKTOP-AM810LT" ignored="1" name="Test" tests="2" failures="0" timestamp="2019-12-31T12:47:20 IST" time="70.064" errors="0">
  <testcase name="@BeforeClass setUp" time="69.356" classname="generic.BaseClass">
    <failure type="org.openqa.selenium.TimeoutException" message="timeout
  (Session info: chrome=79.0.3945.88)
Build info: version: &amp;apos;3.141.59&amp;apos;, revision: &amp;apos;e82be7d358&amp;apos;, time: &amp;apos;2018-11-14T08:17:03&amp;apos;
System info: host: &amp;apos;DESKTOP-AM810LT&amp;apos;, ip: &amp;apos;192.168.43.114&amp;apos;, os.name: &amp;apos;Windows 10&amp;apos;, os.arch: &amp;apos;amd64&amp;apos;, os.version: &amp;apos;10.0&amp;apos;, java.version: &amp;apos;1.8.0_181&amp;apos;
Driver info: org.openqa.selenium.chrome.ChromeDriver
Capabilities {acceptInsecureCerts: false, browserName: chrome, browserVersion: 79.0.3945.88, chrome: {chromedriverVersion: 79.0.3945.36 (3582db32b3389..., userDataDir: C:\Users\Nakul-PC\AppData\L...}, goog:chromeOptions: {debuggerAddress: localhost:50062}, javascriptEnabled: true, networkConnectionEnabled: false, pageLoadStrategy: normal, platform: WINDOWS, platformName: WINDOWS, proxy: Proxy(), setWindowRect: true, strictFileInteractability: false, timeouts: {implicit: 0, pageLoad: 300000, script: 30000}, unhandledPromptBehavior: dismiss and notify}
Session ID: ea3aed1186eac48393a2d3a225f9c6b6">
      <![CDATA[org.openqa.selenium.TimeoutException: timeout
  (Session info: chrome=79.0.3945.88)
Build info: version: '3.141.59', revision: 'e82be7d358', time: '2018-11-14T08:17:03'
System info: host: 'DESKTOP-AM810LT', ip: '192.168.43.114', os.name: 'Windows 10', os.arch: 'amd64', os.version: '10.0', java.version: '1.8.0_181'
Driver info: org.openqa.selenium.chrome.ChromeDriver
Capabilities {acceptInsecureCerts: false, browserName: chrome, browserVersion: 79.0.3945.88, chrome: {chromedriverVersion: 79.0.3945.36 (3582db32b3389..., userDataDir: C:\Users\Nakul-PC\AppData\L...}, goog:chromeOptions: {debuggerAddress: localhost:50062}, javascriptEnabled: true, networkConnectionEnabled: false, pageLoadStrategy: normal, platform: WINDOWS, platformName: WINDOWS, proxy: Proxy(), setWindowRect: true, strictFileInteractability: false, timeouts: {implicit: 0, pageLoad: 300000, script: 30000}, unhandledPromptBehavior: dismiss and notify}
Session ID: ea3aed1186eac48393a2d3a225f9c6b6
at org.openqa.selenium.remote.http.W3CHttpResponseCodec.createException(W3CHttpResponseCodec.java:187)
at org.openqa.selenium.remote.http.W3CHttpResponseCodec.decode(W3CHttpResponseCodec.java:122)
at org.openqa.selenium.remote.http.W3CHttpResponseCodec.decode(W3CHttpResponseCodec.java:49)
at org.openqa.selenium.remote.HttpCommandExecutor.execute(HttpCommandExecutor.java:158)
at org.openqa.selenium.remote.service.DriverCommandExecutor.execute(DriverCommandExecutor.java:83)
at org.openqa.selenium.remote.RemoteWebDriver.execute(RemoteWebDriver.java:552)
at org.openqa.selenium.remote.RemoteWebDriver.get(RemoteWebDriver.java:277)
at generic.BrowserFactory.startApplication(BrowserFactory.java:33)
at generic.BaseClass.setUp(BaseClass.java:42)
at java.util.ArrayList.forEach(ArrayList.java:1257)
... Removed 33 stack frames]]>
    </failure>
  </testcase> <!-- @BeforeClass setUp -->
  <testcase name="@BeforeMethod pageLoad" time="-1.577776639732E9" classname="generic.BaseClass">
    <skipped/>
  </testcase> <!-- @BeforeMethod pageLoad -->
  <testcase name="@AfterMethod takePhoto" time="0.231" classname="generic.BaseClass">
    <failure type="java.lang.NullPointerException">
      <![CDATA[java.lang.NullPointerException
at generic.UtilityClass.getPhoto(UtilityClass.java:56)
at generic.BaseClass.takePhoto(BaseClass.java:57)
at java.util.ArrayList.forEach(ArrayList.java:1257)
... Removed 36 stack frames]]>
    </failure>
  </testcase> <!-- @AfterMethod takePhoto -->
  <testcase name="@BeforeMethod pageLoad" time="-1.577776639988E9" classname="generic.BaseClass">
    <skipped/>
  </testcase> <!-- @BeforeMethod pageLoad -->
  <testcase name="@AfterMethod takePhoto" time="0.004" classname="generic.BaseClass">
    <failure type="java.lang.NullPointerException">
      <![CDATA[java.lang.NullPointerException
at generic.UtilityClass.getPhoto(UtilityClass.java:56)
at generic.BaseClass.takePhoto(BaseClass.java:57)
at java.util.ArrayList.forEach(ArrayList.java:1257)
... Removed 36 stack frames]]>
    </failure>
  </testcase> <!-- @AfterMethod takePhoto -->
  <testcase name="@AfterClass tearDown" time="-1.577776640003E9" classname="generic.BaseClass">
    <skipped/>
  </testcase> <!-- @AfterClass tearDown -->
  <testcase name="loginApp1" time="0.0" classname="testcases.LoginTestActiTime">
    <skipped/>
  </testcase> <!-- loginApp1 -->
  <testcase name="loginApp" time="0.0" classname="testcases.LoginTestActiTime">
    <skipped/>
  </testcase> <!-- loginApp -->
  <testcase name="@BeforeSuite setUpSuite" time="0.0" classname="generic.BaseClass">
    <ignored/>
  </testcase> <!-- @BeforeSuite setUpSuite -->
</testsuite> <!-- Test -->
