<?xml version="1.0" encoding="UTF-8"?>
<!-- Generated by org.testng.reporters.JUnitXMLReporter -->
<testsuite hostname="DESKTOP-AM810LT" ignored="0" name="Test" tests="2" failures="1" timestamp="2020-01-03T00:44:58 IST" time="48.664" errors="0">
  <testcase name="invalidLoginApp" time="11.534" classname="testcases.LoginTestActiTime">
    <failure type="java.lang.AssertionError" message="expected [actiTIME - Login] but found [actiTIME]">
      <![CDATA[java.lang.AssertionError: expected [actiTIME - Login] but found [actiTIME]
at testcases.LoginTestActiTime.invalidLoginApp(LoginTestActiTime.java:38)
at java.util.ArrayList.forEach(ArrayList.java:1257)
... Removed 36 stack frames]]>
    </failure>
  </testcase> <!-- invalidLoginApp -->
  <testcase name="validLoginApp" time="6.852" classname="testcases.LoginTestActiTime"/>
</testsuite> <!-- Test -->
