<?xml version="1.0" encoding="UTF-8"?>
<!-- Generated by org.testng.reporters.JUnitXMLReporter -->
<testsuite hostname="DESKTOP-AM810LT" name="Test" tests="2" failures="1" timestamp="29 Dec 2019 20:08:02 GMT" time="50.377" errors="0">
  <testcase name="loginApp1" time="14.218" classname="testcases.LoginTestActiTime">
    <failure type="java.lang.AssertionError" message="expected [actiTIME - Login] but found [actiTIME - Enter Time-Track]">
      <![CDATA[java.lang.AssertionError: expected [actiTIME - Login] but found [actiTIME - Enter Time-Track]
	at testcases.LoginTestActiTime.loginApp1(LoginTestActiTime.java:47)
... Removed 31 stack frames]]>
    </failure>
  </testcase> <!-- loginApp1 -->
  <testcase name="loginApp" time="11.364" classname="testcases.LoginTestActiTime"/>
</testsuite> <!-- Test -->
